<?xml version="1.0" encoding="UTF-8"?>
<!-- Generated by org.testng.reporters.JUnitXMLReporter -->
<testsuite ignored="0" hostname="TYSS-Gali-Sai-Vasavi" failures="1" tests="1" name="Test" time="5.253" errors="0" timestamp="2023-12-13T18:49:14 IST">
  <testcase classname="listenersss1.TestScript" name="Login" time="2.877">
    <failure type="java.lang.AssertionError" message="expected [false] but found [true]">
      <![CDATA[java.lang.AssertionError: expected [false] but found [true]
at listenersss1.TestScript.Login(TestScript.java:23)
at java.base/java.util.ArrayList.forEach(ArrayList.java:1511)
... Removed 33 stack frames]]>
    </failure>
  </testcase> <!-- Login -->
</testsuite> <!-- Test -->
